<?xml version="1.0" encoding="UTF-8" ?>
<testsuite failures="0" time="0.115" errors="0" skipped="0" tests="3" name="com.itheima.bos.dao.base.StandardRepositoryTest">
  <properties>
[...]
</properties>
  <testcase time="0.095" classname="com.itheima.bos.dao.base.StandardRepositoryTest" name="test1"/>
  <testcase time="0.005" classname="com.itheima.bos.dao.base.StandardRepositoryTest" name="test2"/>
  <testcase time="0.015" classname="com.itheima.bos.dao.base.StandardRepositoryTest" name="test3"/>
</testsuite>